Loading model from saved_models/00/best_model.pt
Finetune all embeddings.
Vocab size 55950 loaded from file saved_models/00/vocab.pkl.
Loading data from dataset/tacred/test.json with batch size 50...
311 batches created for dataset/tacred/test.json

Running with the following configs:
	data_dir : dataset/tacred
	vocab_dir : dataset/vocab
	emb_dim : 300
	ner_dim : 30
	pos_dim : 30
	hidden_dim : 200
	num_layers : 2
	input_dropout : 0.5
	gcn_dropout : 0.5
	word_dropout : 0.04
	topn : 10000000000.0
	lower : False
	prune_k : 1
	conv_l2 : 0
	pooling : max
	pooling_l2 : 0.003
	mlp_layers : 2
	no_adj : False
	rnn : True
	rnn_layers : 1
	rnn_dropout : 0.5
	lr : 0.3
	lr_decay : 0.9
	decay_epoch : 5
	optim : sgd
	num_epoch : 100
	batch_size : 50
	max_grad_norm : 5.0
	log_step : 20
	log : logs
	save_epoch : 100
	save_dir : ./saved_models
	id : 00
	info : CGCN model
	seed : 1234
	cuda : True
	cpu : False
	load : False
	model_file : None
	num_class : 42
	vocab_size : 55950
	model_save_dir : ./saved_models/00


Per-relation statistics:
org:alternate_names                  P:  74.79%  R:  82.16%  F1:  78.30%  #: 213
org:city_of_headquarters             P:  80.95%  R:  41.46%  F1:  54.84%  #: 82
org:country_of_headquarters          P:  65.52%  R:  17.59%  F1:  27.74%  #: 108
org:dissolved                        P: 100.00%  R:   0.00%  F1:   0.00%  #: 2
org:founded                          P:  85.71%  R:  81.08%  F1:  83.33%  #: 37
org:founded_by                       P:  77.14%  R:  39.71%  F1:  52.43%  #: 68
org:member_of                        P: 100.00%  R:   0.00%  F1:   0.00%  #: 18
org:members                          P:   0.00%  R:   0.00%  F1:   0.00%  #: 31
org:number_of_employees/members      P:  81.82%  R:  47.37%  F1:  60.00%  #: 19
org:parents                          P:  33.33%  R:   3.23%  F1:   5.88%  #: 62
org:political/religious_affiliation  P:  38.10%  R:  80.00%  F1:  51.61%  #: 10
org:shareholders                     P: 100.00%  R:  23.08%  F1:  37.50%  #: 13
org:stateorprovince_of_headquarters  P:  77.27%  R:  66.67%  F1:  71.58%  #: 51
org:subsidiaries                     P:  48.28%  R:  31.82%  F1:  38.36%  #: 44
org:top_members/employees            P:  70.37%  R:  82.37%  F1:  75.90%  #: 346
org:website                          P:  51.02%  R:  96.15%  F1:  66.67%  #: 26
per:age                              P:  84.30%  R:  94.00%  F1:  88.89%  #: 200
per:alternate_names                  P:   0.00%  R:   0.00%  F1:   0.00%  #: 11
per:cause_of_death                   P:  58.82%  R:  19.23%  F1:  28.99%  #: 52
per:charges                          P:  58.24%  R:  96.12%  F1:  72.53%  #: 103
per:children                         P:  31.58%  R:  32.43%  F1:  32.00%  #: 37
per:cities_of_residence              P:  55.61%  R:  55.03%  F1:  55.32%  #: 189
per:city_of_birth                    P:  50.00%  R:  40.00%  F1:  44.44%  #: 5
per:city_of_death                    P:  85.71%  R:  21.43%  F1:  34.29%  #: 28
per:countries_of_residence           P:  52.38%  R:  52.03%  F1:  52.20%  #: 148
per:country_of_birth                 P: 100.00%  R:   0.00%  F1:   0.00%  #: 5
per:country_of_death                 P: 100.00%  R:   0.00%  F1:   0.00%  #: 9
per:date_of_birth                    P: 100.00%  R:  66.67%  F1:  80.00%  #: 9
per:date_of_death                    P:  75.00%  R:  22.22%  F1:  34.29%  #: 54
per:employee_of                      P:  68.88%  R:  62.88%  F1:  65.74%  #: 264
per:origin                           P:  76.40%  R:  51.52%  F1:  61.54%  #: 132
per:other_family                     P: 100.00%  R:   0.00%  F1:   0.00%  #: 60
per:parents                          P:  58.67%  R:  50.00%  F1:  53.99%  #: 88
per:religion                         P:  69.44%  R:  53.19%  F1:  60.24%  #: 47
per:schools_attended                 P:  75.00%  R:  40.00%  F1:  52.17%  #: 30
per:siblings                         P:  58.82%  R:  36.36%  F1:  44.94%  #: 55
per:spouse                           P:  48.81%  R:  62.12%  F1:  54.67%  #: 66
per:stateorprovince_of_birth         P:  42.86%  R:  37.50%  F1:  40.00%  #: 8
per:stateorprovince_of_death         P:  66.67%  R:  14.29%  F1:  23.53%  #: 14
per:stateorprovinces_of_residence    P:  52.63%  R:  61.73%  F1:  56.82%  #: 81
per:title                            P:  83.75%  R:  80.40%  F1:  82.04%  #: 500

Final Score:
Precision (micro): 68.949%
   Recall (micro): 60.571%
       F1 (micro): 64.489%
Evaluation ended.
